{"/home/busique/Desktop/projects/learning/frontend-project-lvl2/__fixtures__/result.js": {"path":"/home/busique/Desktop/projects/learning/frontend-project-lvl2/__fixtures__/result.js","statementMap":{},"fnMap":{},"branchMap":{},"s":{},"f":{},"b":{},"_coverageSchema":"43e27e138ebf9cfc5966b082cf9a028302ed4184","hash":"bdbd806d2bb95ee4e6f014e21206c1f274360c51"}
,"/home/busique/Desktop/projects/learning/frontend-project-lvl2/src/index.js": {"path":"/home/busique/Desktop/projects/learning/frontend-project-lvl2/src/index.js","statementMap":{"0":{"start":{"line":6,"column":16},"end":{"line":6,"column":82}},"1":{"start":{"line":6,"column":32},"end":{"line":6,"column":82}},"2":{"start":{"line":7,"column":15},"end":{"line":7,"column":69}},"3":{"start":{"line":7,"column":31},"end":{"line":7,"column":69}},"4":{"start":{"line":9,"column":16},"end":{"line":18,"column":1}},"5":{"start":{"line":10,"column":2},"end":{"line":12,"column":3}},"6":{"start":{"line":11,"column":4},"end":{"line":11,"column":14}},"7":{"start":{"line":14,"column":21},"end":{"line":14,"column":72}},"8":{"start":{"line":15,"column":20},"end":{"line":15,"column":69}},"9":{"start":{"line":17,"column":2},"end":{"line":17,"column":40}}},"fnMap":{"0":{"name":"(anonymous_0)","decl":{"start":{"line":6,"column":16},"end":{"line":6,"column":17}},"loc":{"start":{"line":6,"column":32},"end":{"line":6,"column":82}},"line":6},"1":{"name":"(anonymous_1)","decl":{"start":{"line":7,"column":15},"end":{"line":7,"column":16}},"loc":{"start":{"line":7,"column":31},"end":{"line":7,"column":69}},"line":7},"2":{"name":"(anonymous_2)","decl":{"start":{"line":9,"column":16},"end":{"line":9,"column":17}},"loc":{"start":{"line":9,"column":47},"end":{"line":18,"column":1}},"line":9}},"branchMap":{"0":{"loc":{"start":{"line":10,"column":2},"end":{"line":12,"column":3}},"type":"if","locations":[{"start":{"line":10,"column":2},"end":{"line":12,"column":3}},{"start":{"line":10,"column":2},"end":{"line":12,"column":3}}],"line":10},"1":{"loc":{"start":{"line":10,"column":6},"end":{"line":10,"column":35}},"type":"binary-expr","locations":[{"start":{"line":10,"column":6},"end":{"line":10,"column":19}},{"start":{"line":10,"column":23},"end":{"line":10,"column":35}}],"line":10}},"s":{"0":1,"1":6,"2":1,"3":6,"4":1,"5":5,"6":2,"7":3,"8":3,"9":3},"f":{"0":6,"1":6,"2":5},"b":{"0":[2,3],"1":[5,4]},"_coverageSchema":"43e27e138ebf9cfc5966b082cf9a028302ed4184","hash":"60d922268bb09f1ef9ef052aff190728e059f7ee"}
,"/home/busique/Desktop/projects/learning/frontend-project-lvl2/src/parser.js": {"path":"/home/busique/Desktop/projects/learning/frontend-project-lvl2/src/parser.js","statementMap":{"0":{"start":{"line":4,"column":16},"end":{"line":8,"column":1}},"1":{"start":{"line":10,"column":14},"end":{"line":10,"column":47}},"2":{"start":{"line":10,"column":29},"end":{"line":10,"column":47}}},"fnMap":{"0":{"name":"(anonymous_0)","decl":{"start":{"line":10,"column":14},"end":{"line":10,"column":15}},"loc":{"start":{"line":10,"column":29},"end":{"line":10,"column":47}},"line":10}},"branchMap":{},"s":{"0":1,"1":1,"2":6},"f":{"0":6},"b":{},"_coverageSchema":"43e27e138ebf9cfc5966b082cf9a028302ed4184","hash":"ff8466789c25dcad70f4bd1c21e67e303e9cfaa4"}
,"/home/busique/Desktop/projects/learning/frontend-project-lvl2/src/render.js": {"path":"/home/busique/Desktop/projects/learning/frontend-project-lvl2/src/render.js","statementMap":{"0":{"start":{"line":3,"column":16},"end":{"line":23,"column":1}},"1":{"start":{"line":4,"column":18},"end":{"line":4,"column":74}},"2":{"start":{"line":6,"column":2},"end":{"line":22,"column":9}},"3":{"start":{"line":7,"column":23},"end":{"line":7,"column":38}},"4":{"start":{"line":8,"column":24},"end":{"line":8,"column":40}},"5":{"start":{"line":9,"column":23},"end":{"line":9,"column":61}},"6":{"start":{"line":10,"column":25},"end":{"line":10,"column":70}},"7":{"start":{"line":11,"column":25},"end":{"line":13,"column":54}},"8":{"start":{"line":15,"column":4},"end":{"line":19,"column":5}},"9":{"start":{"line":16,"column":6},"end":{"line":18,"column":23}},"10":{"start":{"line":21,"column":4},"end":{"line":21,"column":24}}},"fnMap":{"0":{"name":"(anonymous_0)","decl":{"start":{"line":3,"column":16},"end":{"line":3,"column":17}},"loc":{"start":{"line":3,"column":43},"end":{"line":23,"column":1}},"line":3},"1":{"name":"(anonymous_1)","decl":{"start":{"line":6,"column":24},"end":{"line":6,"column":25}},"loc":{"start":{"line":6,"column":39},"end":{"line":22,"column":3}},"line":6}},"branchMap":{"0":{"loc":{"start":{"line":11,"column":25},"end":{"line":13,"column":54}},"type":"cond-expr","locations":[{"start":{"line":12,"column":8},"end":{"line":12,"column":89}},{"start":{"line":13,"column":8},"end":{"line":13,"column":54}}],"line":11},"1":{"loc":{"start":{"line":15,"column":4},"end":{"line":19,"column":5}},"type":"if","locations":[{"start":{"line":15,"column":4},"end":{"line":19,"column":5}},{"start":{"line":15,"column":4},"end":{"line":19,"column":5}}],"line":15},"2":{"loc":{"start":{"line":16,"column":13},"end":{"line":18,"column":22}},"type":"cond-expr","locations":[{"start":{"line":17,"column":10},"end":{"line":17,"column":20}},{"start":{"line":18,"column":10},"end":{"line":18,"column":22}}],"line":16}},"s":{"0":1,"1":3,"2":3,"3":15,"4":15,"5":15,"6":15,"7":15,"8":15,"9":9,"10":6},"f":{"0":3,"1":15},"b":{"0":[12,3],"1":[9,6],"2":[3,6]},"_coverageSchema":"43e27e138ebf9cfc5966b082cf9a028302ed4184","hash":"5c561bdda378aecfcfcfd1869d913f6e4fad9d98"}
}
