TN:
SF:/home/busique/Desktop/projects/learning/frontend-project-lvl2/__fixtures__/result.js
FNF:0
FNH:0
LF:0
LH:0
BRF:0
BRH:0
end_of_record
TN:
SF:/home/busique/Desktop/projects/learning/frontend-project-lvl2/src/index.js
FN:6,(anonymous_0)
FN:7,(anonymous_1)
FN:9,(anonymous_2)
FNF:3
FNH:3
FNDA:6,(anonymous_0)
FNDA:6,(anonymous_1)
FNDA:5,(anonymous_2)
DA:6,6
DA:7,6
DA:9,1
DA:10,5
DA:11,2
DA:14,3
DA:15,3
DA:17,3
LF:8
LH:8
BRDA:10,0,0,2
BRDA:10,0,1,3
BRDA:10,1,0,5
BRDA:10,1,1,4
BRF:4
BRH:4
end_of_record
TN:
SF:/home/busique/Desktop/projects/learning/frontend-project-lvl2/src/parser.js
FN:10,(anonymous_0)
FNF:1
FNH:1
FNDA:6,(anonymous_0)
DA:4,1
DA:10,6
LF:2
LH:2
BRF:0
BRH:0
end_of_record
TN:
SF:/home/busique/Desktop/projects/learning/frontend-project-lvl2/src/render.js
FN:3,(anonymous_0)
FN:6,(anonymous_1)
FNF:2
FNH:2
FNDA:3,(anonymous_0)
FNDA:15,(anonymous_1)
DA:3,1
DA:4,3
DA:6,3
DA:7,15
DA:8,15
DA:9,15
DA:10,15
DA:11,15
DA:15,15
DA:16,9
DA:21,6
LF:11
LH:11
BRDA:11,0,0,12
BRDA:11,0,1,3
BRDA:15,1,0,9
BRDA:15,1,1,6
BRDA:16,2,0,3
BRDA:16,2,1,6
BRF:6
BRH:6
end_of_record
